Ready: <<: busconnect show
Chan	i2c	Byte	Bus	State
00	20	00	07	00
01	20	01	07	00
02	21	00	07	00
03	21	01	07	00
Ready: <<: busconnect state 1 1
Setting channel 1 to 1.
Done!
1
1
Ready: <<: busconnect show
Chan	i2c	Byte	Bus	State
00	20	00	07	00
01	20	01	07	01
02	21	00	07	00
03	21	01	07	00
Ready: <<: busconnect state 0 1
Setting channel 0 to 1.
Done!
1
1
Ready: <<: busconnect show
Chan	i2c	Byte	Bus	State
00	20	00	07	01
01	20	01	07	01
02	21	00	07	00
03	21	01	07	00
Ready: 